<?xml version="1.0" encoding="UTF-8"?>
<!-- Generated by org.testng.reporters.JUnitReportReporter -->
<testsuite ignored="0" hostname="Jhonatan-Romero" failures="0" tests="1" name="Proyecto.TestNGExample" time="0.009" errors="0" timestamp="16 nov. 2022 00:21:22 GMT" skipped="0">
  <testcase classname="Proyecto.TestNGExample" name="f" time="0.009"/>
</testsuite> <!-- Proyecto.TestNGExample -->
