<?xml version="1.0" encoding="UTF-8"?>
<!-- Generated by org.testng.reporters.JUnitReportReporter -->
<testsuite ignored="0" hostname="Jhonatan-Romero" failures="0" tests="1" name="Proyecto.Laboratorio2Test" time="9.092" errors="0" timestamp="16 nov. 2022 00:21:31 GMT" skipped="0">
  <testcase classname="Proyecto.Laboratorio2Test" name="lab2_E1" time="9.092"/>
</testsuite> <!-- Proyecto.Laboratorio2Test -->
